#
# There is insufficient memory for the Java Runtime Environment to continue.
# Native memory allocation (malloc) failed to allocate 32744 bytes. Error detail: ChunkPool::allocate
# Possible reasons:
#   The system is out of physical RAM or swap space
#   This process is running with CompressedOops enabled, and the Java Heap may be blocking the growth of the native heap
# Possible solutions:
#   Reduce memory load on the system
#   Increase physical memory or swap space
#   Check if swap backing store is full
#   Decrease Java heap size (-Xmx/-Xms)
#   Decrease number of Java threads
#   Decrease Java thread stack sizes (-Xss)
#   Set larger code cache with -XX:ReservedCodeCacheSize=
#   JVM is running with Unscaled Compressed Oops mode in which the Java heap is
#     placed in the first 4GB address space. The Java Heap base address is the
#     maximum limit for the native heap growth. Please use -XX:HeapBaseMinAddress
#     to set the Java Heap base and to place the Java Heap above 4GB virtual address.
# This output file may be truncated or incomplete.
#
#  Out of Memory Error (arena.cpp:79), pid=31932, tid=31392
#
# JRE version: OpenJDK Runtime Environment Corretto-17.0.12.7.1 (17.0.12+7) (build 17.0.12+7-LTS)
# Java VM: OpenJDK 64-Bit Server VM Corretto-17.0.12.7.1 (17.0.12+7-LTS, mixed mode, sharing, tiered, compressed oops, compressed class ptrs, g1 gc, windows-amd64)
# No core dump will be written. Minidumps are not enabled by default on client versions of Windows
#

---------------  S U M M A R Y ------------

Command Line: -Duser.language=en -Duser.country=US -javaagent:C:\Program Files\JetBrains\IntelliJ IDEA Community Edition 2024.2.1\lib\idea_rt.jar=49535:C:\Program Files\JetBrains\IntelliJ IDEA Community Edition 2024.2.1\bin -Dfile.encoding=UTF-8 org.example.Scraper

Host: Intel(R) Core(TM) i7-9750H CPU @ 2.60GHz, 12 cores, 7G,  Windows 10 , 64 bit Build 19041 (10.0.19041.4717)
Time: Wed Sep 11 15:27:59 2024  Windows 10 , 64 bit Build 19041 (10.0.19041.4717) elapsed time: 5.861549 seconds (0d 0h 0m 5s)

---------------  T H R E A D  ---------------

Current thread (0x00000168915f6d80):  JavaThread "C2 CompilerThread0" daemon [_thread_in_native, id=31392, stack(0x000000278ac00000,0x000000278ad00000)]


Current CompileTask:
C2:   5861 1719       4       java.util.zip.ZipCoder::hash (36 bytes)

Stack: [0x000000278ac00000,0x000000278ad00000]
Native frames: (J=compiled Java code, j=interpreted, Vv=VM code, C=native code)
V  [jvm.dll+0x67f4f9]
V  [jvm.dll+0x836eaa]
V  [jvm.dll+0x83896e]
V  [jvm.dll+0x838fd3]
V  [jvm.dll+0x247f6f]
V  [jvm.dll+0xacbd1]
V  [jvm.dll+0xad01c]
V  [jvm.dll+0xacadb]
V  [jvm.dll+0x6a4938]
V  [jvm.dll+0x1a9e23]
V  [jvm.dll+0x6a2f61]
V  [jvm.dll+0x222d58]
V  [jvm.dll+0x21bfcf]
V  [jvm.dll+0x219831]
V  [jvm.dll+0x1a57bd]
V  [jvm.dll+0x22966d]
V  [jvm.dll+0x22781c]
V  [jvm.dll+0x7ebec7]
V  [jvm.dll+0x7e62ac]
V  [jvm.dll+0x67e3c7]
C  [ucrtbase.dll+0x21bb2]
C  [KERNEL32.DLL+0x17374]
C  [ntdll.dll+0x4cc91]


---------------  P R O C E S S  ---------------

Threads class SMR info:
_java_thread_list=0x00000168d7739c70, length=27, elements={
0x00000168f2f27100, 0x00000168915d5a10, 0x00000168915d6890, 0x00000168915f0050,
0x00000168915f0c10, 0x00000168915f1de0, 0x00000168915f4bc0, 0x00000168915f6d80,
0x00000168915f7830, 0x00000168915fd740, 0x00000168915c04c0, 0x00000168919c7950,
0x00000168919c7e30, 0x00000168d711f930, 0x00000168d762e3f0, 0x00000168d76b9420,
0x00000168d76c7a00, 0x00000168d76d43e0, 0x00000168d76cebd0, 0x00000168d76ce1b0,
0x00000168d76cfb00, 0x00000168d76d0a30, 0x00000168d76cf0e0, 0x00000168d76cf5f0,
0x00000168d76d0f40, 0x00000168d76d0010, 0x00000168d76d0520
}

Java Threads: ( => current thread )
  0x00000168f2f27100 JavaThread "Forwarding clickElement on session af8207e9b36e079bc2654f6781b951f4 to remote" [_thread_blocked, id=28660, stack(0x0000002789f00000,0x000000278a000000)]
  0x00000168915d5a10 JavaThread "Reference Handler" daemon [_thread_blocked, id=30376, stack(0x000000278a600000,0x000000278a700000)]
  0x00000168915d6890 JavaThread "Finalizer" daemon [_thread_blocked, id=31960, stack(0x000000278a700000,0x000000278a800000)]
  0x00000168915f0050 JavaThread "Signal Dispatcher" daemon [_thread_blocked, id=19500, stack(0x000000278a800000,0x000000278a900000)]
  0x00000168915f0c10 JavaThread "Attach Listener" daemon [_thread_blocked, id=31900, stack(0x000000278a900000,0x000000278aa00000)]
  0x00000168915f1de0 JavaThread "Service Thread" daemon [_thread_blocked, id=31888, stack(0x000000278aa00000,0x000000278ab00000)]
  0x00000168915f4bc0 JavaThread "Monitor Deflation Thread" daemon [_thread_blocked, id=32412, stack(0x000000278ab00000,0x000000278ac00000)]
=>0x00000168915f6d80 JavaThread "C2 CompilerThread0" daemon [_thread_in_native, id=31392, stack(0x000000278ac00000,0x000000278ad00000)]
  0x00000168915f7830 JavaThread "C1 CompilerThread0" daemon [_thread_in_native, id=6988, stack(0x000000278ad00000,0x000000278ae00000)]
  0x00000168915fd740 JavaThread "Sweeper thread" daemon [_thread_blocked, id=31764, stack(0x000000278ae00000,0x000000278af00000)]
  0x00000168915c04c0 JavaThread "Common-Cleaner" daemon [_thread_blocked, id=32140, stack(0x000000278af00000,0x000000278b000000)]
  0x00000168919c7950 JavaThread "Monitor Ctrl-Break" daemon [_thread_in_native, id=31912, stack(0x000000278b000000,0x000000278b100000)]
  0x00000168919c7e30 JavaThread "Notification Thread" daemon [_thread_blocked, id=32144, stack(0x000000278b100000,0x000000278b200000)]
  0x00000168d711f930 JavaThread "ForkJoinPool.commonPool-worker-1" daemon [_thread_blocked, id=32148, stack(0x000000278b300000,0x000000278b400000)]
  0x00000168d762e3f0 JavaThread "HttpClient-1-SelectorManager" daemon [_thread_in_native, id=31808, stack(0x000000278b500000,0x000000278b600000)]
  0x00000168d76b9420 JavaThread "External Process Output Forwarder - C:\WebDriver\msedgedriver.exe" daemon [_thread_in_native, id=31816, stack(0x000000278b600000,0x000000278b700000)]
  0x00000168d76c7a00 JavaThread "Driver Service Executor" daemon [_thread_blocked, id=31824, stack(0x000000278b700000,0x000000278b800000)]
  0x00000168d76d43e0 JavaThread "Driver Service Executor" daemon [_thread_in_native, id=31828, stack(0x000000278b800000,0x000000278b900000)]
  0x00000168d76cebd0 JavaThread "UrlChecker-2" daemon [_thread_blocked, id=31836, stack(0x000000278b900000,0x000000278ba00000)]
  0x00000168d76ce1b0 JavaThread "Keep-Alive-Timer" daemon [_thread_blocked, id=28980, stack(0x000000278b400000,0x000000278b500000)]
  0x00000168d76cfb00 JavaThread "JdkHttpClient-0-0" daemon [_thread_blocked, id=31716, stack(0x000000278c400000,0x000000278c500000)]
  0x00000168d76d0a30 JavaThread "JdkHttpClient-0-1" daemon [_thread_blocked, id=29468, stack(0x000000278c500000,0x000000278c600000)]
  0x00000168d76cf0e0 JavaThread "JdkHttpClient-0-2" daemon [_thread_blocked, id=17188, stack(0x000000278c600000,0x000000278c700000)]
  0x00000168d76cf5f0 JavaThread "HttpClient-2-SelectorManager" daemon [_thread_in_native, id=31256, stack(0x000000278c700000,0x000000278c800000)]
  0x00000168d76d0f40 JavaThread "JdkHttpClient-1-0" daemon [_thread_blocked, id=24580, stack(0x000000278c800000,0x000000278c900000)]
  0x00000168d76d0010 JavaThread "JdkHttpClient-1-1" daemon [_thread_blocked, id=20212, stack(0x000000278c900000,0x000000278ca00000)]
  0x00000168d76d0520 JavaThread "JdkHttpClient-1-2" daemon [_thread_blocked, id=30416, stack(0x000000278ca00000,0x000000278cb00000)]

Other Threads:
  0x00000168915ce9f0 VMThread "VM Thread" [stack: 0x000000278a500000,0x000000278a600000] [id=13604]
  0x00000168f2f280c0 WatcherThread [stack: 0x000000278b200000,0x000000278b300000] [id=32152]
  0x00000168f2f807c0 GCTaskThread "GC Thread#0" [stack: 0x000000278a000000,0x000000278a100000] [id=31184]
  0x00000168d77ef010 GCTaskThread "GC Thread#1" [stack: 0x000000278bb00000,0x000000278bc00000] [id=20596]
  0x00000168d77ef6e0 GCTaskThread "GC Thread#2" [stack: 0x000000278bc00000,0x000000278bd00000] [id=24096]
  0x00000168d77372f0 GCTaskThread "GC Thread#3" [stack: 0x000000278bd00000,0x000000278be00000] [id=27568]
  0x00000168d7740010 GCTaskThread "GC Thread#4" [stack: 0x000000278be00000,0x000000278bf00000] [id=28732]
  0x00000168d7740ae0 GCTaskThread "GC Thread#5" [stack: 0x000000278bf00000,0x000000278c000000] [id=7156]
  0x00000168d7740da0 GCTaskThread "GC Thread#6" [stack: 0x000000278c000000,0x000000278c100000] [id=1408]
  0x00000168d7741060 GCTaskThread "GC Thread#7" [stack: 0x000000278c100000,0x000000278c200000] [id=29624]
  0x00000168d7745f50 GCTaskThread "GC Thread#8" [stack: 0x000000278c200000,0x000000278c300000] [id=28720]
  0x00000168f2f91250 ConcurrentGCThread "G1 Main Marker" [stack: 0x000000278a100000,0x000000278a200000] [id=27100]
  0x00000168f2f92410 ConcurrentGCThread "G1 Conc#0" [stack: 0x000000278a200000,0x000000278a300000] [id=1724]
  0x00000168f2fddfc0 ConcurrentGCThread "G1 Refine#0" [stack: 0x000000278a300000,0x000000278a400000] [id=31176]
  0x00000168d771f330 ConcurrentGCThread "G1 Refine#1" [stack: 0x000000278c300000,0x000000278c400000] [id=29272]
  0x00000168f2fde9f0 ConcurrentGCThread "G1 Service" [stack: 0x000000278a400000,0x000000278a500000] [id=32]

Threads with active compile tasks:
C2 CompilerThread0     5899 1719       4       java.util.zip.ZipCoder::hash (36 bytes)

VM state: not at safepoint (normal execution)

VM Mutex/Monitor currently owned by a thread: None

Heap address: 0x0000000082600000, size: 2010 MB, Compressed Oops mode: 32-bit

CDS archive(s) mapped at: [0x0000016892000000-0x0000016892bb0000-0x0000016892bb0000), size 12255232, SharedBaseAddress: 0x0000016892000000, ArchiveRelocationMode: 1.
Compressed class space mapped at: 0x0000016893000000-0x00000168d3000000, reserved size: 1073741824
Narrow klass base: 0x0000016892000000, Narrow klass shift: 0, Narrow klass range: 0x100000000

GC Precious Log:
 CPUs: 12 total, 12 available
 Memory: 8037M
 Large Page Support: Disabled
 NUMA Support: Disabled
 Compressed Oops: Enabled (32-bit)
 Heap Region Size: 1M
 Heap Min Capacity: 8M
 Heap Initial Capacity: 126M
 Heap Max Capacity: 2010M
 Pre-touch: Disabled
 Parallel Workers: 10
 Concurrent Workers: 3
 Concurrent Refinement Workers: 10
 Periodic GC: Disabled

Heap:
 garbage-first heap   total 129024K, used 14259K [0x0000000082600000, 0x0000000100000000)
  region size 1024K, 12 young (12288K), 3 survivors (3072K)
 Metaspace       used 11720K, committed 12032K, reserved 1114112K
  class space    used 1426K, committed 1600K, reserved 1048576K

Heap Regions: E=young(eden), S=young(survivor), O=old, HS=humongous(starts), HC=humongous(continues), CS=collection set, F=free, OA=open archive, CA=closed archive, TAMS=top-at-mark-start (previous, next)
|   0|0x0000000082600000, 0x0000000082700000, 0x0000000082700000|100%| O|  |TAMS 0x0000000082600000, 0x0000000082600000| Untracked 
|   1|0x0000000082700000, 0x0000000082800000, 0x0000000082800000|100%| O|  |TAMS 0x0000000082700000, 0x0000000082700000| Untracked 
|   2|0x0000000082800000, 0x00000000828ece00, 0x0000000082900000| 92%| O|  |TAMS 0x0000000082800000, 0x0000000082800000| Untracked 
|   3|0x0000000082900000, 0x0000000082900000, 0x0000000082a00000|  0%| F|  |TAMS 0x0000000082900000, 0x0000000082900000| Untracked 
|   4|0x0000000082a00000, 0x0000000082a00000, 0x0000000082b00000|  0%| F|  |TAMS 0x0000000082a00000, 0x0000000082a00000| Untracked 
|   5|0x0000000082b00000, 0x0000000082b00000, 0x0000000082c00000|  0%| F|  |TAMS 0x0000000082b00000, 0x0000000082b00000| Untracked 
|   6|0x0000000082c00000, 0x0000000082c00000, 0x0000000082d00000|  0%| F|  |TAMS 0x0000000082c00000, 0x0000000082c00000| Untracked 
|   7|0x0000000082d00000, 0x0000000082d00000, 0x0000000082e00000|  0%| F|  |TAMS 0x0000000082d00000, 0x0000000082d00000| Untracked 
|   8|0x0000000082e00000, 0x0000000082e00000, 0x0000000082f00000|  0%| F|  |TAMS 0x0000000082e00000, 0x0000000082e00000| Untracked 
|   9|0x0000000082f00000, 0x0000000082f00000, 0x0000000083000000|  0%| F|  |TAMS 0x0000000082f00000, 0x0000000082f00000| Untracked 
|  10|0x0000000083000000, 0x0000000083000000, 0x0000000083100000|  0%| F|  |TAMS 0x0000000083000000, 0x0000000083000000| Untracked 
|  11|0x0000000083100000, 0x0000000083100000, 0x0000000083200000|  0%| F|  |TAMS 0x0000000083100000, 0x0000000083100000| Untracked 
|  12|0x0000000083200000, 0x0000000083200000, 0x0000000083300000|  0%| F|  |TAMS 0x0000000083200000, 0x0000000083200000| Untracked 
|  13|0x0000000083300000, 0x0000000083300000, 0x0000000083400000|  0%| F|  |TAMS 0x0000000083300000, 0x0000000083300000| Untracked 
|  14|0x0000000083400000, 0x0000000083400000, 0x0000000083500000|  0%| F|  |TAMS 0x0000000083400000, 0x0000000083400000| Untracked 
|  15|0x0000000083500000, 0x0000000083500000, 0x0000000083600000|  0%| F|  |TAMS 0x0000000083500000, 0x0000000083500000| Untracked 
|  16|0x0000000083600000, 0x0000000083600000, 0x0000000083700000|  0%| F|  |TAMS 0x0000000083600000, 0x0000000083600000| Untracked 
|  17|0x0000000083700000, 0x0000000083700000, 0x0000000083800000|  0%| F|  |TAMS 0x0000000083700000, 0x0000000083700000| Untracked 
|  18|0x0000000083800000, 0x0000000083800000, 0x0000000083900000|  0%| F|  |TAMS 0x0000000083800000, 0x0000000083800000| Untracked 
|  19|0x0000000083900000, 0x0000000083900000, 0x0000000083a00000|  0%| F|  |TAMS 0x0000000083900000, 0x0000000083900000| Untracked 
|  20|0x0000000083a00000, 0x0000000083a00000, 0x0000000083b00000|  0%| F|  |TAMS 0x0000000083a00000, 0x0000000083a00000| Untracked 
|  21|0x0000000083b00000, 0x0000000083b00000, 0x0000000083c00000|  0%| F|  |TAMS 0x0000000083b00000, 0x0000000083b00000| Untracked 
|  22|0x0000000083c00000, 0x0000000083c00000, 0x0000000083d00000|  0%| F|  |TAMS 0x0000000083c00000, 0x0000000083c00000| Untracked 
|  23|0x0000000083d00000, 0x0000000083d00000, 0x0000000083e00000|  0%| F|  |TAMS 0x0000000083d00000, 0x0000000083d00000| Untracked 
|  24|0x0000000083e00000, 0x0000000083e00000, 0x0000000083f00000|  0%| F|  |TAMS 0x0000000083e00000, 0x0000000083e00000| Untracked 
|  25|0x0000000083f00000, 0x0000000083f00000, 0x0000000084000000|  0%| F|  |TAMS 0x0000000083f00000, 0x0000000083f00000| Untracked 
|  26|0x0000000084000000, 0x0000000084000000, 0x0000000084100000|  0%| F|  |TAMS 0x0000000084000000, 0x0000000084000000| Untracked 
|  27|0x0000000084100000, 0x0000000084100000, 0x0000000084200000|  0%| F|  |TAMS 0x0000000084100000, 0x0000000084100000| Untracked 
|  28|0x0000000084200000, 0x0000000084200000, 0x0000000084300000|  0%| F|  |TAMS 0x0000000084200000, 0x0000000084200000| Untracked 
|  29|0x0000000084300000, 0x0000000084300000, 0x0000000084400000|  0%| F|  |TAMS 0x0000000084300000, 0x0000000084300000| Untracked 
|  30|0x0000000084400000, 0x0000000084400000, 0x0000000084500000|  0%| F|  |TAMS 0x0000000084400000, 0x0000000084400000| Untracked 
|  31|0x0000000084500000, 0x0000000084500000, 0x0000000084600000|  0%| F|  |TAMS 0x0000000084500000, 0x0000000084500000| Untracked 
|  32|0x0000000084600000, 0x0000000084600000, 0x0000000084700000|  0%| F|  |TAMS 0x0000000084600000, 0x0000000084600000| Untracked 
|  33|0x0000000084700000, 0x0000000084700000, 0x0000000084800000|  0%| F|  |TAMS 0x0000000084700000, 0x0000000084700000| Untracked 
|  34|0x0000000084800000, 0x0000000084800000, 0x0000000084900000|  0%| F|  |TAMS 0x0000000084800000, 0x0000000084800000| Untracked 
|  35|0x0000000084900000, 0x0000000084900000, 0x0000000084a00000|  0%| F|  |TAMS 0x0000000084900000, 0x0000000084900000| Untracked 
|  36|0x0000000084a00000, 0x0000000084a00000, 0x0000000084b00000|  0%| F|  |TAMS 0x0000000084a00000, 0x0000000084a00000| Untracked 
|  37|0x0000000084b00000, 0x0000000084b00000, 0x0000000084c00000|  0%| F|  |TAMS 0x0000000084b00000, 0x0000000084b00000| Untracked 
|  38|0x0000000084c00000, 0x0000000084c00000, 0x0000000084d00000|  0%| F|  |TAMS 0x0000000084c00000, 0x0000000084c00000| Untracked 
|  39|0x0000000084d00000, 0x0000000084d00000, 0x0000000084e00000|  0%| F|  |TAMS 0x0000000084d00000, 0x0000000084d00000| Untracked 
|  40|0x0000000084e00000, 0x0000000084e00000, 0x0000000084f00000|  0%| F|  |TAMS 0x0000000084e00000, 0x0000000084e00000| Untracked 
|  41|0x0000000084f00000, 0x0000000084f00000, 0x0000000085000000|  0%| F|  |TAMS 0x0000000084f00000, 0x0000000084f00000| Untracked 
|  42|0x0000000085000000, 0x0000000085000000, 0x0000000085100000|  0%| F|  |TAMS 0x0000000085000000, 0x0000000085000000| Untracked 
|  43|0x0000000085100000, 0x0000000085100000, 0x0000000085200000|  0%| F|  |TAMS 0x0000000085100000, 0x0000000085100000| Untracked 
|  44|0x0000000085200000, 0x0000000085200000, 0x0000000085300000|  0%| F|  |TAMS 0x0000000085200000, 0x0000000085200000| Untracked 
|  45|0x0000000085300000, 0x0000000085300000, 0x0000000085400000|  0%| F|  |TAMS 0x0000000085300000, 0x0000000085300000| Untracked 
|  46|0x0000000085400000, 0x0000000085400000, 0x0000000085500000|  0%| F|  |TAMS 0x0000000085400000, 0x0000000085400000| Untracked 
|  47|0x0000000085500000, 0x0000000085500000, 0x0000000085600000|  0%| F|  |TAMS 0x0000000085500000, 0x0000000085500000| Untracked 
|  48|0x0000000085600000, 0x0000000085600000, 0x0000000085700000|  0%| F|  |TAMS 0x0000000085600000, 0x0000000085600000| Untracked 
|  49|0x0000000085700000, 0x0000000085700000, 0x0000000085800000|  0%| F|  |TAMS 0x0000000085700000, 0x0000000085700000| Untracked 
|  50|0x0000000085800000, 0x0000000085800000, 0x0000000085900000|  0%| F|  |TAMS 0x0000000085800000, 0x0000000085800000| Untracked 
|  51|0x0000000085900000, 0x0000000085900000, 0x0000000085a00000|  0%| F|  |TAMS 0x0000000085900000, 0x0000000085900000| Untracked 
|  52|0x0000000085a00000, 0x0000000085a00000, 0x0000000085b00000|  0%| F|  |TAMS 0x0000000085a00000, 0x0000000085a00000| Untracked 
|  53|0x0000000085b00000, 0x0000000085b00000, 0x0000000085c00000|  0%| F|  |TAMS 0x0000000085b00000, 0x0000000085b00000| Untracked 
|  54|0x0000000085c00000, 0x0000000085c00000, 0x0000000085d00000|  0%| F|  |TAMS 0x0000000085c00000, 0x0000000085c00000| Untracked 
|  55|0x0000000085d00000, 0x0000000085d00000, 0x0000000085e00000|  0%| F|  |TAMS 0x0000000085d00000, 0x0000000085d00000| Untracked 
|  56|0x0000000085e00000, 0x0000000085e00000, 0x0000000085f00000|  0%| F|  |TAMS 0x0000000085e00000, 0x0000000085e00000| Untracked 
|  57|0x0000000085f00000, 0x0000000085f00000, 0x0000000086000000|  0%| F|  |TAMS 0x0000000085f00000, 0x0000000085f00000| Untracked 
|  58|0x0000000086000000, 0x0000000086000000, 0x0000000086100000|  0%| F|  |TAMS 0x0000000086000000, 0x0000000086000000| Untracked 
|  59|0x0000000086100000, 0x0000000086100000, 0x0000000086200000|  0%| F|  |TAMS 0x0000000086100000, 0x0000000086100000| Untracked 
|  60|0x0000000086200000, 0x0000000086200000, 0x0000000086300000|  0%| F|  |TAMS 0x0000000086200000, 0x0000000086200000| Untracked 
|  61|0x0000000086300000, 0x0000000086300000, 0x0000000086400000|  0%| F|  |TAMS 0x0000000086300000, 0x0000000086300000| Untracked 
|  62|0x0000000086400000, 0x0000000086400000, 0x0000000086500000|  0%| F|  |TAMS 0x0000000086400000, 0x0000000086400000| Untracked 
|  63|0x0000000086500000, 0x0000000086500000, 0x0000000086600000|  0%| F|  |TAMS 0x0000000086500000, 0x0000000086500000| Untracked 
|  64|0x0000000086600000, 0x0000000086600000, 0x0000000086700000|  0%| F|  |TAMS 0x0000000086600000, 0x0000000086600000| Untracked 
|  65|0x0000000086700000, 0x0000000086700000, 0x0000000086800000|  0%| F|  |TAMS 0x0000000086700000, 0x0000000086700000| Untracked 
|  66|0x0000000086800000, 0x0000000086800000, 0x0000000086900000|  0%| F|  |TAMS 0x0000000086800000, 0x0000000086800000| Untracked 
|  67|0x0000000086900000, 0x0000000086900000, 0x0000000086a00000|  0%| F|  |TAMS 0x0000000086900000, 0x0000000086900000| Untracked 
|  68|0x0000000086a00000, 0x0000000086a00000, 0x0000000086b00000|  0%| F|  |TAMS 0x0000000086a00000, 0x0000000086a00000| Untracked 
|  69|0x0000000086b00000, 0x0000000086b00000, 0x0000000086c00000|  0%| F|  |TAMS 0x0000000086b00000, 0x0000000086b00000| Untracked 
|  70|0x0000000086c00000, 0x0000000086c00000, 0x0000000086d00000|  0%| F|  |TAMS 0x0000000086c00000, 0x0000000086c00000| Untracked 
|  71|0x0000000086d00000, 0x0000000086d00000, 0x0000000086e00000|  0%| F|  |TAMS 0x0000000086d00000, 0x0000000086d00000| Untracked 
|  72|0x0000000086e00000, 0x0000000086e00000, 0x0000000086f00000|  0%| F|  |TAMS 0x0000000086e00000, 0x0000000086e00000| Untracked 
|  73|0x0000000086f00000, 0x0000000086f00000, 0x0000000087000000|  0%| F|  |TAMS 0x0000000086f00000, 0x0000000086f00000| Untracked 
|  74|0x0000000087000000, 0x0000000087000000, 0x0000000087100000|  0%| F|  |TAMS 0x0000000087000000, 0x0000000087000000| Untracked 
|  75|0x0000000087100000, 0x0000000087100000, 0x0000000087200000|  0%| F|  |TAMS 0x0000000087100000, 0x0000000087100000| Untracked 
|  76|0x0000000087200000, 0x0000000087200000, 0x0000000087300000|  0%| F|  |TAMS 0x0000000087200000, 0x0000000087200000| Untracked 
|  77|0x0000000087300000, 0x0000000087300000, 0x0000000087400000|  0%| F|  |TAMS 0x0000000087300000, 0x0000000087300000| Untracked 
|  78|0x0000000087400000, 0x0000000087400000, 0x0000000087500000|  0%| F|  |TAMS 0x0000000087400000, 0x0000000087400000| Untracked 
|  79|0x0000000087500000, 0x0000000087500000, 0x0000000087600000|  0%| F|  |TAMS 0x0000000087500000, 0x0000000087500000| Untracked 
|  80|0x0000000087600000, 0x0000000087600000, 0x0000000087700000|  0%| F|  |TAMS 0x0000000087600000, 0x0000000087600000| Untracked 
|  81|0x0000000087700000, 0x0000000087700000, 0x0000000087800000|  0%| F|  |TAMS 0x0000000087700000, 0x0000000087700000| Untracked 
|  82|0x0000000087800000, 0x0000000087800000, 0x0000000087900000|  0%| F|  |TAMS 0x0000000087800000, 0x0000000087800000| Untracked 
|  83|0x0000000087900000, 0x0000000087900000, 0x0000000087a00000|  0%| F|  |TAMS 0x0000000087900000, 0x0000000087900000| Untracked 
|  84|0x0000000087a00000, 0x0000000087a00000, 0x0000000087b00000|  0%| F|  |TAMS 0x0000000087a00000, 0x0000000087a00000| Untracked 
|  85|0x0000000087b00000, 0x0000000087b00000, 0x0000000087c00000|  0%| F|  |TAMS 0x0000000087b00000, 0x0000000087b00000| Untracked 
|  86|0x0000000087c00000, 0x0000000087c00000, 0x0000000087d00000|  0%| F|  |TAMS 0x0000000087c00000, 0x0000000087c00000| Untracked 
|  87|0x0000000087d00000, 0x0000000087d00000, 0x0000000087e00000|  0%| F|  |TAMS 0x0000000087d00000, 0x0000000087d00000| Untracked 
|  88|0x0000000087e00000, 0x0000000087e00000, 0x0000000087f00000|  0%| F|  |TAMS 0x0000000087e00000, 0x0000000087e00000| Untracked 
|  89|0x0000000087f00000, 0x0000000087f00000, 0x0000000088000000|  0%| F|  |TAMS 0x0000000087f00000, 0x0000000087f00000| Untracked 
|  90|0x0000000088000000, 0x0000000088000000, 0x0000000088100000|  0%| F|  |TAMS 0x0000000088000000, 0x0000000088000000| Untracked 
|  91|0x0000000088100000, 0x0000000088100000, 0x0000000088200000|  0%| F|  |TAMS 0x0000000088100000, 0x0000000088100000| Untracked 
|  92|0x0000000088200000, 0x0000000088200000, 0x0000000088300000|  0%| F|  |TAMS 0x0000000088200000, 0x0000000088200000| Untracked 
|  93|0x0000000088300000, 0x0000000088300000, 0x0000000088400000|  0%| F|  |TAMS 0x0000000088300000, 0x0000000088300000| Untracked 
|  94|0x0000000088400000, 0x0000000088400000, 0x0000000088500000|  0%| F|  |TAMS 0x0000000088400000, 0x0000000088400000| Untracked 
|  95|0x0000000088500000, 0x0000000088500000, 0x0000000088600000|  0%| F|  |TAMS 0x0000000088500000, 0x0000000088500000| Untracked 
|  96|0x0000000088600000, 0x0000000088600000, 0x0000000088700000|  0%| F|  |TAMS 0x0000000088600000, 0x0000000088600000| Untracked 
|  97|0x0000000088700000, 0x0000000088700000, 0x0000000088800000|  0%| F|  |TAMS 0x0000000088700000, 0x0000000088700000| Untracked 
|  98|0x0000000088800000, 0x0000000088800000, 0x0000000088900000|  0%| F|  |TAMS 0x0000000088800000, 0x0000000088800000| Untracked 
|  99|0x0000000088900000, 0x0000000088900000, 0x0000000088a00000|  0%| F|  |TAMS 0x0000000088900000, 0x0000000088900000| Untracked 
| 100|0x0000000088a00000, 0x0000000088b00000, 0x0000000088b00000|100%| S|CS|TAMS 0x0000000088a00000, 0x0000000088a00000| Complete 
| 101|0x0000000088b00000, 0x0000000088c00000, 0x0000000088c00000|100%| S|CS|TAMS 0x0000000088b00000, 0x0000000088b00000| Complete 
| 102|0x0000000088c00000, 0x0000000088d00000, 0x0000000088d00000|100%| S|CS|TAMS 0x0000000088c00000, 0x0000000088c00000| Complete 
| 103|0x0000000088d00000, 0x0000000088d00000, 0x0000000088e00000|  0%| F|  |TAMS 0x0000000088d00000, 0x0000000088d00000| Untracked 
| 104|0x0000000088e00000, 0x0000000088e00000, 0x0000000088f00000|  0%| F|  |TAMS 0x0000000088e00000, 0x0000000088e00000| Untracked 
| 105|0x0000000088f00000, 0x0000000088f00000, 0x0000000089000000|  0%| F|  |TAMS 0x0000000088f00000, 0x0000000088f00000| Untracked 
| 106|0x0000000089000000, 0x0000000089000000, 0x0000000089100000|  0%| F|  |TAMS 0x0000000089000000, 0x0000000089000000| Untracked 
| 107|0x0000000089100000, 0x0000000089100000, 0x0000000089200000|  0%| F|  |TAMS 0x0000000089100000, 0x0000000089100000| Untracked 
| 108|0x0000000089200000, 0x0000000089200000, 0x0000000089300000|  0%| F|  |TAMS 0x0000000089200000, 0x0000000089200000| Untracked 
| 109|0x0000000089300000, 0x0000000089300000, 0x0000000089400000|  0%| F|  |TAMS 0x0000000089300000, 0x0000000089300000| Untracked 
| 110|0x0000000089400000, 0x0000000089400000, 0x0000000089500000|  0%| F|  |TAMS 0x0000000089400000, 0x0000000089400000| Untracked 
| 111|0x0000000089500000, 0x0000000089500000, 0x0000000089600000|  0%| F|  |TAMS 0x0000000089500000, 0x0000000089500000| Untracked 
| 112|0x0000000089600000, 0x0000000089600000, 0x0000000089700000|  0%| F|  |TAMS 0x0000000089600000, 0x0000000089600000| Untracked 
| 113|0x0000000089700000, 0x0000000089700000, 0x0000000089800000|  0%| F|  |TAMS 0x0000000089700000, 0x0000000089700000| Untracked 
| 114|0x0000000089800000, 0x0000000089800000, 0x0000000089900000|  0%| F|  |TAMS 0x0000000089800000, 0x0000000089800000| Untracked 
| 115|0x0000000089900000, 0x0000000089900000, 0x0000000089a00000|  0%| F|  |TAMS 0x0000000089900000, 0x0000000089900000| Untracked 
| 116|0x0000000089a00000, 0x0000000089a00000, 0x0000000089b00000|  0%| F|  |TAMS 0x0000000089a00000, 0x0000000089a00000| Untracked 
| 117|0x0000000089b00000, 0x0000000089c00000, 0x0000000089c00000|100%| E|  |TAMS 0x0000000089b00000, 0x0000000089b00000| Complete 
| 118|0x0000000089c00000, 0x0000000089d00000, 0x0000000089d00000|100%| E|CS|TAMS 0x0000000089c00000, 0x0000000089c00000| Complete 
| 119|0x0000000089d00000, 0x0000000089e00000, 0x0000000089e00000|100%| E|CS|TAMS 0x0000000089d00000, 0x0000000089d00000| Complete 
| 120|0x0000000089e00000, 0x0000000089f00000, 0x0000000089f00000|100%| E|CS|TAMS 0x0000000089e00000, 0x0000000089e00000| Complete 
| 121|0x0000000089f00000, 0x000000008a000000, 0x000000008a000000|100%| E|CS|TAMS 0x0000000089f00000, 0x0000000089f00000| Complete 
| 122|0x000000008a000000, 0x000000008a100000, 0x000000008a100000|100%| E|CS|TAMS 0x000000008a000000, 0x000000008a000000| Complete 
| 123|0x000000008a100000, 0x000000008a200000, 0x000000008a200000|100%| E|CS|TAMS 0x000000008a100000, 0x000000008a100000| Complete 
| 124|0x000000008a200000, 0x000000008a300000, 0x000000008a300000|100%| E|CS|TAMS 0x000000008a200000, 0x000000008a200000| Complete 
| 125|0x000000008a300000, 0x000000008a400000, 0x000000008a400000|100%| E|CS|TAMS 0x000000008a300000, 0x000000008a300000| Complete 

Card table byte_map: [0x00000168fb280000,0x00000168fb670000] _byte_map_base: 0x00000168fae6d000

Marking Bits (Prev, Next): (CMBitMap*) 0x00000168f2f80de0, (CMBitMap*) 0x00000168f2f80e20
 Prev Bits: [0x00000168fba60000, 0x00000168fd9c8000)
 Next Bits: [0x00000168fd9d0000, 0x00000168ff938000)

Polling page: 0x00000168f0b60000

Metaspace:

Usage:
  Non-class:     10.05 MB used.
      Class:      1.39 MB used.
       Both:     11.45 MB used.

Virtual space:
  Non-class space:       64.00 MB reserved,      10.19 MB ( 16%) committed,  1 nodes.
      Class space:        1.00 GB reserved,       1.56 MB ( <1%) committed,  1 nodes.
             Both:        1.06 GB reserved,      11.75 MB (  1%) committed. 

Chunk freelists:
   Non-Class:  5.42 MB
       Class:  14.36 MB
        Both:  19.78 MB

MaxMetaspaceSize: unlimited
CompressedClassSpaceSize: 1.00 GB
Initial GC threshold: 21.00 MB
Current GC threshold: 21.00 MB
CDS: on
MetaspaceReclaimPolicy: balanced
 - commit_granule_bytes: 65536.
 - commit_granule_words: 8192.
 - virtual_space_node_default_size: 8388608.
 - enlarge_chunks_in_place: 1.
 - new_chunks_are_fully_committed: 0.
 - uncommit_free_chunks: 1.
 - use_allocation_guard: 0.
 - handle_deallocations: 1.


Internal statistics:

num_allocs_failed_limit: 0.
num_arena_births: 226.
num_arena_deaths: 0.
num_vsnodes_births: 2.
num_vsnodes_deaths: 0.
num_space_committed: 188.
num_space_uncommitted: 0.
num_chunks_returned_to_freelist: 0.
num_chunks_taken_from_freelist: 489.
num_chunk_merges: 0.
num_chunk_splits: 285.
num_chunks_enlarged: 181.
num_inconsistent_stats: 0.

CodeHeap 'non-profiled nmethods': size=120000Kb used=586Kb max_used=586Kb free=119414Kb
 bounds [0x0000016887ad0000, 0x0000016887d40000, 0x000001688f000000]
CodeHeap 'profiled nmethods': size=120000Kb used=3209Kb max_used=3209Kb free=116790Kb
 bounds [0x0000016880000000, 0x0000016880330000, 0x0000016887530000]
CodeHeap 'non-nmethods': size=5760Kb used=1215Kb max_used=1288Kb free=4544Kb
 bounds [0x0000016887530000, 0x00000168877a0000, 0x0000016887ad0000]
 total_blobs=2251 nmethods=1738 adapters=425
 compilation: enabled
              stopped_count=0, restarted_count=0
 full_count=0

Compilation events (20 events):
Event: 5.854 Thread 0x00000168915f7830 1706       3       java.util.stream.ReferencePipeline$3$1::accept (23 bytes)
Event: 5.854 Thread 0x00000168915f7830 nmethod 1706 0x000001688030d810 code [0x000001688030d9c0, 0x000001688030dc78]
Event: 5.854 Thread 0x00000168915f7830 1707       3       org.openqa.selenium.json.JsonTypeCoercer$$Lambda$227/0x000001689310f078::test (12 bytes)
Event: 5.854 Thread 0x00000168915f7830 nmethod 1707 0x000001688030dd90 code [0x000001688030df60, 0x000001688030e2d8]
Event: 5.854 Thread 0x00000168915f7830 1704       1       java.util.concurrent.atomic.AtomicReference::get (5 bytes)
Event: 5.854 Thread 0x00000168915f7830 nmethod 1704 0x0000016887b61190 code [0x0000016887b61320, 0x0000016887b613f8]
Event: 5.855 Thread 0x00000168915f7830 1708       3       java.lang.invoke.MethodHandles$Lookup::findConstructor (61 bytes)
Event: 5.855 Thread 0x00000168915f6d80 1712       4       java.nio.DirectIntBufferU::ix (10 bytes)
Event: 5.855 Thread 0x00000168915f7830 nmethod 1708 0x000001688030e410 code [0x000001688030e680, 0x000001688030eeb8]
Event: 5.855 Thread 0x00000168915f7830 1709       3       java.lang.invoke.MethodHandles$Lookup::getDirectConstructor (10 bytes)
Event: 5.855 Thread 0x00000168915f7830 nmethod 1709 0x000001688030f210 code [0x000001688030f3a0, 0x000001688030f4e8]
Event: 5.855 Thread 0x00000168915f7830 1711       3       java.lang.invoke.MethodHandle::asTypeUncached (59 bytes)
Event: 5.855 Thread 0x00000168915f6d80 nmethod 1712 0x0000016887b61910 code [0x0000016887b61a80, 0x0000016887b61af8]
Event: 5.856 Thread 0x00000168915f7830 nmethod 1711 0x000001688030f590 code [0x000001688030f860, 0x00000168803103d8]
Event: 5.856 Thread 0x00000168915f7830 1713   !   3       java.lang.String::<init> (840 bytes)
Event: 5.856 Thread 0x00000168915f6d80 1719       4       java.util.zip.ZipCoder::hash (36 bytes)
Event: 5.858 Thread 0x00000168915f7830 nmethod 1713 0x0000016880310890 code [0x0000016880310dc0, 0x0000016880313a18]
Event: 5.858 Thread 0x00000168915f7830 1720       2       org.openqa.selenium.json.JsonOutput$$Lambda$223/0x000001689310cf90::accept (9 bytes)
Event: 5.858 Thread 0x00000168915f7830 nmethod 1720 0x0000016880314690 code [0x0000016880314820, 0x0000016880314948]
Event: 5.858 Thread 0x00000168915f7830 1721       2       org.openqa.selenium.json.JsonOutput::lambda$asString$34 (37 bytes)

GC Heap History (2 events):
Event: 2.611 GC heap before
{Heap before GC invocations=0 (full 0):
 garbage-first heap   total 129024K, used 22528K [0x0000000082600000, 0x0000000100000000)
  region size 1024K, 23 young (23552K), 0 survivors (0K)
 Metaspace       used 8753K, committed 9024K, reserved 1114112K
  class space    used 1029K, committed 1152K, reserved 1048576K
}
Event: 2.619 GC heap after
{Heap after GC invocations=1 (full 0):
 garbage-first heap   total 129024K, used 6067K [0x0000000082600000, 0x0000000100000000)
  region size 1024K, 3 young (3072K), 3 survivors (3072K)
 Metaspace       used 8753K, committed 9024K, reserved 1114112K
  class space    used 1029K, committed 1152K, reserved 1048576K
}

Dll operation events (11 events):
Event: 0.007 Loaded shared library C:\Program Files\Amazon Corretto\jdk17.0.12_7\bin\java.dll
Event: 0.027 Loaded shared library C:\Program Files\Amazon Corretto\jdk17.0.12_7\bin\jsvml.dll
Event: 0.112 Loaded shared library C:\Program Files\Amazon Corretto\jdk17.0.12_7\bin\zip.dll
Event: 0.115 Loaded shared library C:\Program Files\Amazon Corretto\jdk17.0.12_7\bin\instrument.dll
Event: 0.121 Loaded shared library C:\Program Files\Amazon Corretto\jdk17.0.12_7\bin\net.dll
Event: 0.123 Loaded shared library C:\Program Files\Amazon Corretto\jdk17.0.12_7\bin\nio.dll
Event: 0.125 Loaded shared library C:\Program Files\Amazon Corretto\jdk17.0.12_7\bin\zip.dll
Event: 0.253 Loaded shared library C:\Program Files\JetBrains\IntelliJ IDEA Community Edition 2024.2.1\bin\breakgen64.dll
Event: 0.265 Loaded shared library C:\Program Files\Amazon Corretto\jdk17.0.12_7\bin\extnet.dll
Event: 0.290 Loaded shared library C:\Program Files\Amazon Corretto\jdk17.0.12_7\bin\jimage.dll
Event: 0.683 Loaded shared library C:\Program Files\Amazon Corretto\jdk17.0.12_7\bin\sunmscapi.dll

Deoptimization events (20 events):
Event: 4.072 Thread 0x00000168f2f27100 DEOPT PACKING pc=0x0000016887b4c688 sp=0x0000002789ffd170
Event: 4.072 Thread 0x00000168f2f27100 DEOPT UNPACKING pc=0x00000168875869a3 sp=0x0000002789ffd0e8 mode 2
Event: 4.072 Thread 0x00000168f2f27100 Uncommon trap: trap_request=0xffffffbe fr.pc=0x0000016887b4c688 relative=0x00000000000004e8
Event: 4.072 Thread 0x00000168f2f27100 Uncommon trap: reason=profile_predicate action=maybe_recompile pc=0x0000016887b4c688 method=jdk.internal.jimage.ImageStringsReader.stringFromByteBufferMatches(Ljava/nio/ByteBuffer;ILjava/lang/String;I)I @ 19 c2
Event: 4.072 Thread 0x00000168f2f27100 DEOPT PACKING pc=0x0000016887b4c688 sp=0x0000002789ffd170
Event: 4.072 Thread 0x00000168f2f27100 DEOPT UNPACKING pc=0x00000168875869a3 sp=0x0000002789ffd0e8 mode 2
Event: 4.072 Thread 0x00000168f2f27100 Uncommon trap: trap_request=0xffffffbe fr.pc=0x0000016887b4c688 relative=0x00000000000004e8
Event: 4.072 Thread 0x00000168f2f27100 Uncommon trap: reason=profile_predicate action=maybe_recompile pc=0x0000016887b4c688 method=jdk.internal.jimage.ImageStringsReader.stringFromByteBufferMatches(Ljava/nio/ByteBuffer;ILjava/lang/String;I)I @ 19 c2
Event: 4.072 Thread 0x00000168f2f27100 DEOPT PACKING pc=0x0000016887b4c688 sp=0x0000002789ffd170
Event: 4.072 Thread 0x00000168f2f27100 DEOPT UNPACKING pc=0x00000168875869a3 sp=0x0000002789ffd0e8 mode 2
Event: 4.072 Thread 0x00000168f2f27100 Uncommon trap: trap_request=0xffffffbe fr.pc=0x0000016887b4c688 relative=0x00000000000004e8
Event: 4.072 Thread 0x00000168f2f27100 Uncommon trap: reason=profile_predicate action=maybe_recompile pc=0x0000016887b4c688 method=jdk.internal.jimage.ImageStringsReader.stringFromByteBufferMatches(Ljava/nio/ByteBuffer;ILjava/lang/String;I)I @ 19 c2
Event: 4.072 Thread 0x00000168f2f27100 DEOPT PACKING pc=0x0000016887b4c688 sp=0x0000002789ffd170
Event: 4.073 Thread 0x00000168f2f27100 DEOPT UNPACKING pc=0x00000168875869a3 sp=0x0000002789ffd0e8 mode 2
Event: 4.090 Thread 0x00000168f2f27100 Uncommon trap: trap_request=0xffffff45 fr.pc=0x0000016887b0b6c8 relative=0x0000000000000048
Event: 4.090 Thread 0x00000168f2f27100 Uncommon trap: reason=unstable_if action=reinterpret pc=0x0000016887b0b6c8 method=java.lang.CharacterData.of(I)Ljava/lang/CharacterData; @ 4 c2
Event: 4.090 Thread 0x00000168f2f27100 DEOPT PACKING pc=0x0000016887b0b6c8 sp=0x0000002789ffdf60
Event: 4.090 Thread 0x00000168f2f27100 DEOPT UNPACKING pc=0x00000168875869a3 sp=0x0000002789ffdf00 mode 2
Event: 5.855 Thread 0x00000168f2f27100 DEOPT PACKING pc=0x0000016880047ba4 sp=0x0000002789ffe760
Event: 5.855 Thread 0x00000168f2f27100 DEOPT UNPACKING pc=0x0000016887587143 sp=0x0000002789ffdc20 mode 0

Classes loaded (20 events):
Event: 4.093 Loading class java/util/ResourceBundle$CacheKeyReference done
Event: 4.093 Loading class java/util/ResourceBundle$KeyElementReference done
Event: 4.094 Loading class java/util/ResourceBundle$3
Event: 4.094 Loading class java/util/ResourceBundle$3 done
Event: 4.095 Loading class sun/util/logging/resources/logging
Event: 4.095 Loading class sun/util/logging/resources/logging done
Event: 4.095 Loading class java/util/ResourceBundle$BundleReference
Event: 4.095 Loading class java/util/ResourceBundle$BundleReference done
Event: 4.095 Loading class sun/util/logging/resources/logging_en
Event: 4.095 Loading class sun/util/logging/resources/logging_en done
Event: 4.095 Loading class sun/util/logging/resources/logging_en
Event: 4.095 Loading class sun/util/logging/resources/logging_en done
Event: 4.096 Loading class sun/util/logging/resources/logging_en_US
Event: 4.096 Loading class sun/util/logging/resources/logging_en_US done
Event: 4.096 Loading class sun/util/logging/resources/logging_en_US
Event: 4.096 Loading class sun/util/logging/resources/logging_en_US done
Event: 4.096 Loading class java/util/Formatter$DateTime
Event: 4.097 Loading class java/util/Formatter$DateTime done
Event: 4.097 Loading class java/time/ZonedDateTime$1
Event: 4.097 Loading class java/time/ZonedDateTime$1 done

Classes unloaded (0 events):
No events

Classes redefined (0 events):
No events

Internal exceptions (20 events):
Event: 2.195 Thread 0x00000168d76cebd0 Exception <a 'java/net/ConnectException'{0x0000000088e116b8}: Connection refused: getsockopt> (0x0000000088e116b8) 
thrown [s\src\hotspot\share\prims\jni.cpp, line 535]
Event: 2.195 Thread 0x00000168d76cebd0 Exception <a 'java/net/SocketException'{0x0000000088e119f0}: Socket is not connected: shutdown> (0x0000000088e119f0) 
thrown [s\src\hotspot\share\prims\jni.cpp, line 535]
Event: 2.561 Thread 0x00000168f2f27100 Exception <a 'java/lang/NoSuchMethodError'{0x0000000088f6a620}: 'int java.lang.invoke.DirectMethodHandle$Holder.invokeVirtual(java.lang.Object, java.lang.Object)'> (0x0000000088f6a620) 
thrown [s\src\hotspot\share\interpreter\linkResolver.cpp, line 759]
Event: 2.563 Thread 0x00000168f2f27100 Exception <a 'java/lang/NoSuchMethodError'{0x0000000088f70b30}: 'double java.lang.invoke.DirectMethodHandle$Holder.invokeVirtual(java.lang.Object, java.lang.Object)'> (0x0000000088f70b30) 
thrown [s\src\hotspot\share\interpreter\linkResolver.cpp, line 759]
Event: 2.564 Thread 0x00000168f2f27100 Exception <a 'java/lang/NoSuchMethodError'{0x0000000088e774e8}: 'float java.lang.invoke.DirectMethodHandle$Holder.invokeVirtual(java.lang.Object, java.lang.Object)'> (0x0000000088e774e8) 
thrown [s\src\hotspot\share\interpreter\linkResolver.cpp, line 759]
Event: 2.565 Thread 0x00000168f2f27100 Exception <a 'java/lang/NoSuchMethodError'{0x0000000088e803e8}: 'long java.lang.invoke.DirectMethodHandle$Holder.invokeVirtual(java.lang.Object, java.lang.Object)'> (0x0000000088e803e8) 
thrown [s\src\hotspot\share\interpreter\linkResolver.cpp, line 759]
Event: 2.574 Thread 0x00000168f2f27100 Exception <a 'java/lang/NoSuchMethodError'{0x0000000088eacab0}: 'void java.lang.invoke.DirectMethodHandle$Holder.invokeStatic(java.lang.Object, java.lang.Object, java.lang.Object)'> (0x0000000088eacab0) 
thrown [s\src\hotspot\share\interpreter\linkResolver.cpp, line 759]
Event: 2.575 Thread 0x00000168f2f27100 Exception <a 'java/lang/NoSuchMethodError'{0x0000000088eb2fc0}: 'java.lang.Object java.lang.invoke.DirectMethodHandle$Holder.invokeVirtual(java.lang.Object, java.lang.Object, java.lang.Object)'> (0x0000000088eb2fc0) 
thrown [s\src\hotspot\share\interpreter\linkResolver.cpp, line 759]
Event: 2.601 Thread 0x00000168f2f27100 Exception <a 'java/lang/NoSuchMethodError'{0x0000000088d94818}: 'java.lang.Object java.lang.invoke.DirectMethodHandle$Holder.newInvokeSpecial(java.lang.Object, java.lang.Object, int, int)'> (0x0000000088d94818) 
thrown [s\src\hotspot\share\interpreter\linkResolver.cpp, line 759]
Event: 2.601 Thread 0x00000168f2f27100 Exception <a 'java/lang/NoSuchMethodError'{0x0000000088d9f7a8}: 'void java.lang.invoke.DirectMethodHandle$Holder.invokeStatic(java.lang.Object, java.lang.Object, int)'> (0x0000000088d9f7a8) 
thrown [s\src\hotspot\share\interpreter\linkResolver.cpp, line 759]
Event: 2.629 Thread 0x00000168f2f27100 Exception <a 'java/lang/NoSuchMethodError'{0x000000008a357300}: 'java.lang.Object java.lang.invoke.DirectMethodHandle$Holder.newInvokeSpecial(java.lang.Object, java.lang.Object, java.lang.Object, java.lang.Object, java.lang.Object)'> (0x000000008a357300) 
thrown [s\src\hotspot\share\interpreter\linkResolver.cpp, line 759]
Event: 2.640 Thread 0x00000168f2f27100 Exception <a 'java/lang/NoSuchMethodError'{0x000000008a3a6c38}: 'void java.lang.invoke.DirectMethodHandle$Holder.invokeStatic(java.lang.Object, java.lang.Object, java.lang.Object, java.lang.Object)'> (0x000000008a3a6c38) 
thrown [s\src\hotspot\share\interpreter\linkResolver.cpp, line 759]
Event: 2.666 Thread 0x00000168d76cfb00 Exception <a 'java/lang/NoSuchMethodError'{0x000000008a10f478}: 'java.lang.Object java.lang.invoke.DirectMethodHandle$Holder.invokeSpecial(java.lang.Object, java.lang.Object, java.lang.Object, java.lang.Object, int)'> (0x000000008a10f478) 
thrown [s\src\hotspot\share\interpreter\linkResolver.cpp, line 759]
Event: 2.666 Thread 0x00000168d76cfb00 Exception <a 'java/lang/NoSuchMethodError'{0x000000008a113040}: 'java.lang.Object java.lang.invoke.Invokers$Holder.linkToTargetMethod(java.lang.Object, java.lang.Object, int, java.lang.Object)'> (0x000000008a113040) 
thrown [s\src\hotspot\share\interpreter\linkResolver.cpp, line 759]
Event: 2.675 Thread 0x00000168d76cfb00 Exception <a 'java/lang/NoSuchMethodError'{0x000000008a133828}: 'void java.lang.invoke.DirectMethodHandle$Holder.invokeSpecial(java.lang.Object, java.lang.Object, java.lang.Object)'> (0x000000008a133828) 
thrown [s\src\hotspot\share\interpreter\linkResolver.cpp, line 759]
Event: 2.684 Thread 0x00000168d76cfb00 Exception <a 'java/lang/NoSuchMethodError'{0x000000008a166488}: 'void java.lang.invoke.DirectMethodHandle$Holder.invokeSpecial(java.lang.Object, java.lang.Object, java.lang.Object, java.lang.Object, java.lang.Object)'> (0x000000008a166488) 
thrown [s\src\hotspot\share\interpreter\linkResolver.cpp, line 759]
Event: 3.844 Thread 0x00000168d76cfb00 Exception <a 'java/lang/NoSuchMethodError'{0x000000008a0542c0}: 'void java.lang.invoke.DirectMethodHandle$Holder.invokeSpecial(java.lang.Object, java.lang.Object, java.lang.Object, java.lang.Object, java.lang.Object, java.lang.Object, java.lang.Object)'> (0x000000008a0542c0) 
thrown [s\src\hotspot\share\interpreter\linkResolver.cpp, line 759]
Event: 3.866 Thread 0x00000168f2f27100 Exception <a 'java/lang/NoSuchMethodError'{0x000000008a23d000}: 'java.lang.Object java.lang.invoke.DirectMethodHandle$Holder.invokeSpecialIFC(java.lang.Object, java.lang.Object, java.lang.Object)'> (0x000000008a23d000) 
thrown [s\src\hotspot\share\interpreter\linkResolver.cpp, line 759]
Event: 4.078 Thread 0x00000168f2f27100 Exception <a 'java/lang/NoSuchMethodError'{0x0000000089c0e6a0}: 'java.lang.Object java.lang.invoke.DirectMethodHandle$Holder.invokeStatic(java.lang.Object, int, java.lang.Object)'> (0x0000000089c0e6a0) 
thrown [s\src\hotspot\share\interpreter\linkResolver.cpp, line 759]
Event: 4.094 Thread 0x00000168f2f27100 Exception <a 'java/lang/ClassNotFoundException'{0x0000000089c7a148}: sun/util/logging/resources/spi/loggingProvider> (0x0000000089c7a148) 
thrown [s\src\hotspot\share\classfile\systemDictionary.cpp, line 256]

VM Operations (20 events):
Event: 0.429 Executing VM operation: HandshakeAllThreads
Event: 0.430 Executing VM operation: HandshakeAllThreads done
Event: 0.649 Executing VM operation: HandshakeAllThreads
Event: 0.649 Executing VM operation: HandshakeAllThreads done
Event: 0.650 Executing VM operation: HandshakeAllThreads
Event: 0.650 Executing VM operation: HandshakeAllThreads done
Event: 1.654 Executing VM operation: Cleanup
Event: 1.654 Executing VM operation: Cleanup done
Event: 2.535 Executing VM operation: HandshakeAllThreads
Event: 2.535 Executing VM operation: HandshakeAllThreads done
Event: 2.539 Executing VM operation: HandshakeAllThreads
Event: 2.539 Executing VM operation: HandshakeAllThreads done
Event: 2.611 Executing VM operation: G1CollectForAllocation
Event: 2.619 Executing VM operation: G1CollectForAllocation done
Event: 3.626 Executing VM operation: Cleanup
Event: 3.626 Executing VM operation: Cleanup done
Event: 4.091 Executing VM operation: HandshakeAllThreads
Event: 4.091 Executing VM operation: HandshakeAllThreads done
Event: 5.090 Executing VM operation: Cleanup
Event: 5.091 Executing VM operation: Cleanup done

Events (20 events):
Event: 0.038 Thread 0x00000168915fd740 Thread added: 0x00000168915fd740
Event: 0.093 Thread 0x00000168915c04c0 Thread added: 0x00000168915c04c0
Event: 0.254 Thread 0x00000168919c7950 Thread added: 0x00000168919c7950
Event: 0.254 Thread 0x00000168919c7e30 Thread added: 0x00000168919c7e30
Event: 0.380 Thread 0x00000168d711f930 Thread added: 0x00000168d711f930
Event: 0.445 Thread 0x00000168d730a7d0 Thread added: 0x00000168d730a7d0
Event: 0.723 Thread 0x00000168d762e3f0 Thread added: 0x00000168d762e3f0
Event: 0.766 Thread 0x00000168d76b9420 Thread added: 0x00000168d76b9420
Event: 0.767 Thread 0x00000168d76c7a00 Thread added: 0x00000168d76c7a00
Event: 0.769 Thread 0x00000168d76d43e0 Thread added: 0x00000168d76d43e0
Event: 0.777 Thread 0x00000168d76cebd0 Thread added: 0x00000168d76cebd0
Event: 0.880 Thread 0x00000168d730a7d0 Thread exited: 0x00000168d730a7d0
Event: 2.538 Thread 0x00000168d76ce1b0 Thread added: 0x00000168d76ce1b0
Event: 2.656 Thread 0x00000168d76cfb00 Thread added: 0x00000168d76cfb00
Event: 2.695 Thread 0x00000168d76d0a30 Thread added: 0x00000168d76d0a30
Event: 2.696 Thread 0x00000168d76cf0e0 Thread added: 0x00000168d76cf0e0
Event: 3.905 Thread 0x00000168d76cf5f0 Thread added: 0x00000168d76cf5f0
Event: 3.906 Thread 0x00000168d76d0f40 Thread added: 0x00000168d76d0f40
Event: 3.908 Thread 0x00000168d76d0010 Thread added: 0x00000168d76d0010
Event: 3.908 Thread 0x00000168d76d0520 Thread added: 0x00000168d76d0520


Dynamic libraries:
0x00007ff60e2a0000 - 0x00007ff60e2ae000 	C:\Program Files\Amazon Corretto\jdk17.0.12_7\bin\java.exe
0x00007ffb3a190000 - 0x00007ffb3a388000 	C:\WINDOWS\SYSTEM32\ntdll.dll
0x00007ffb39d70000 - 0x00007ffb39e31000 	C:\WINDOWS\System32\KERNEL32.DLL
0x00007ffb37ab0000 - 0x00007ffb37dad000 	C:\WINDOWS\System32\KERNELBASE.dll
0x00007ffb37de0000 - 0x00007ffb37ee0000 	C:\WINDOWS\System32\ucrtbase.dll
0x00007ffb2f8e0000 - 0x00007ffb2f8fb000 	C:\Program Files\Amazon Corretto\jdk17.0.12_7\bin\VCRUNTIME140.dll
0x00007ffb2c870000 - 0x00007ffb2c887000 	C:\Program Files\Amazon Corretto\jdk17.0.12_7\bin\jli.dll
0x00007ffb38500000 - 0x00007ffb3869d000 	C:\WINDOWS\System32\USER32.dll
0x00007ffb37db0000 - 0x00007ffb37dd2000 	C:\WINDOWS\System32\win32u.dll
0x00007ffb21be0000 - 0x00007ffb21e7a000 	C:\WINDOWS\WinSxS\amd64_microsoft.windows.common-controls_6595b64144ccf1df_6.0.19041.4355_none_60b8b9eb71f62e16\COMCTL32.dll
0x00007ffb39170000 - 0x00007ffb3919b000 	C:\WINDOWS\System32\GDI32.dll
0x00007ffb38410000 - 0x00007ffb384ae000 	C:\WINDOWS\System32\msvcrt.dll
0x00007ffb380a0000 - 0x00007ffb381b7000 	C:\WINDOWS\System32\gdi32full.dll
0x00007ffb37f50000 - 0x00007ffb37fed000 	C:\WINDOWS\System32\msvcp_win.dll
0x00007ffb384d0000 - 0x00007ffb384ff000 	C:\WINDOWS\System32\IMM32.DLL
0x00007ffb33a30000 - 0x00007ffb33a3c000 	C:\Program Files\Amazon Corretto\jdk17.0.12_7\bin\vcruntime140_1.dll
0x00007ffaf7560000 - 0x00007ffaf75ed000 	C:\Program Files\Amazon Corretto\jdk17.0.12_7\bin\msvcp140.dll
0x00007ffa84e40000 - 0x00007ffa85aaa000 	C:\Program Files\Amazon Corretto\jdk17.0.12_7\bin\server\jvm.dll
0x00007ffb390c0000 - 0x00007ffb39170000 	C:\WINDOWS\System32\ADVAPI32.dll
0x00007ffb391a0000 - 0x00007ffb39240000 	C:\WINDOWS\System32\sechost.dll
0x00007ffb39ef0000 - 0x00007ffb3a013000 	C:\WINDOWS\System32\RPCRT4.dll
0x00007ffb37890000 - 0x00007ffb378b7000 	C:\WINDOWS\System32\bcrypt.dll
0x00007ffb38230000 - 0x00007ffb3829b000 	C:\WINDOWS\System32\WS2_32.dll
0x00007ffb36d70000 - 0x00007ffb36dbb000 	C:\WINDOWS\SYSTEM32\POWRPROF.dll
0x00007ffb22510000 - 0x00007ffb22537000 	C:\WINDOWS\SYSTEM32\WINMM.dll
0x00007ffb30020000 - 0x00007ffb3002a000 	C:\WINDOWS\SYSTEM32\VERSION.dll
0x00007ffb36bf0000 - 0x00007ffb36c02000 	C:\WINDOWS\SYSTEM32\UMPDC.dll
0x00007ffb35680000 - 0x00007ffb35692000 	C:\WINDOWS\SYSTEM32\kernel.appcore.dll
0x00007ffb2d130000 - 0x00007ffb2d13a000 	C:\Program Files\Amazon Corretto\jdk17.0.12_7\bin\jimage.dll
0x00007ffb21930000 - 0x00007ffb21b14000 	C:\WINDOWS\SYSTEM32\DBGHELP.DLL
0x00007ffb1a510000 - 0x00007ffb1a544000 	C:\WINDOWS\SYSTEM32\dbgcore.DLL
0x00007ffb37a20000 - 0x00007ffb37aa2000 	C:\WINDOWS\System32\bcryptPrimitives.dll
0x00007ffb30390000 - 0x00007ffb3039e000 	C:\Program Files\Amazon Corretto\jdk17.0.12_7\bin\instrument.dll
0x00007ffb2a460000 - 0x00007ffb2a485000 	C:\Program Files\Amazon Corretto\jdk17.0.12_7\bin\java.dll
0x00007ffae63d0000 - 0x00007ffae64a7000 	C:\Program Files\Amazon Corretto\jdk17.0.12_7\bin\jsvml.dll
0x00007ffb392a0000 - 0x00007ffb39a0f000 	C:\WINDOWS\System32\SHELL32.dll
0x00007ffb35880000 - 0x00007ffb3601f000 	C:\WINDOWS\SYSTEM32\windows.storage.dll
0x00007ffb38b30000 - 0x00007ffb38e83000 	C:\WINDOWS\System32\combase.dll
0x00007ffb37260000 - 0x00007ffb3728e000 	C:\WINDOWS\SYSTEM32\Wldp.dll
0x00007ffb39ca0000 - 0x00007ffb39d6d000 	C:\WINDOWS\System32\OLEAUT32.dll
0x00007ffb39e40000 - 0x00007ffb39eed000 	C:\WINDOWS\System32\SHCORE.dll
0x00007ffb39c40000 - 0x00007ffb39c95000 	C:\WINDOWS\System32\shlwapi.dll
0x00007ffb37770000 - 0x00007ffb37794000 	C:\WINDOWS\SYSTEM32\profapi.dll
0x00007ffb216d0000 - 0x00007ffb216e8000 	C:\Program Files\Amazon Corretto\jdk17.0.12_7\bin\zip.dll
0x00007ffb2a200000 - 0x00007ffb2a219000 	C:\Program Files\Amazon Corretto\jdk17.0.12_7\bin\net.dll
0x00007ffb2f270000 - 0x00007ffb2f37d000 	C:\WINDOWS\SYSTEM32\WINHTTP.dll
0x00007ffb36f70000 - 0x00007ffb36fda000 	C:\WINDOWS\system32\mswsock.dll
0x00007ffb24310000 - 0x00007ffb24326000 	C:\Program Files\Amazon Corretto\jdk17.0.12_7\bin\nio.dll
0x00007ffb2aa70000 - 0x00007ffb2aa8a000 	C:\Program Files\JetBrains\IntelliJ IDEA Community Edition 2024.2.1\bin\breakgen64.dll
0x00007ffb23460000 - 0x00007ffb23469000 	C:\Program Files\Amazon Corretto\jdk17.0.12_7\bin\extnet.dll
0x00007ffb36c50000 - 0x00007ffb36d1a000 	C:\WINDOWS\SYSTEM32\DNSAPI.dll
0x00007ffb36c10000 - 0x00007ffb36c4b000 	C:\WINDOWS\SYSTEM32\IPHLPAPI.DLL
0x00007ffb38b20000 - 0x00007ffb38b28000 	C:\WINDOWS\System32\NSI.dll
0x00007ffb30420000 - 0x00007ffb3042a000 	C:\Windows\System32\rasadhlp.dll
0x00007ffb2d3c0000 - 0x00007ffb2d440000 	C:\WINDOWS\System32\fwpuclnt.dll
0x00007ffb37120000 - 0x00007ffb37138000 	C:\WINDOWS\SYSTEM32\CRYPTSP.dll
0x00007ffb36830000 - 0x00007ffb36864000 	C:\WINDOWS\system32\rsaenh.dll
0x00007ffb37720000 - 0x00007ffb3774e000 	C:\WINDOWS\SYSTEM32\USERENV.dll
0x00007ffb37140000 - 0x00007ffb3714c000 	C:\WINDOWS\SYSTEM32\CRYPTBASE.dll
0x00007ffb30c90000 - 0x00007ffb30ca7000 	C:\WINDOWS\SYSTEM32\dhcpcsvc6.DLL
0x00007ffb30be0000 - 0x00007ffb30bfd000 	C:\WINDOWS\SYSTEM32\dhcpcsvc.DLL
0x00007ffb23ef0000 - 0x00007ffb23efe000 	C:\Program Files\Amazon Corretto\jdk17.0.12_7\bin\sunmscapi.dll
0x00007ffb378c0000 - 0x00007ffb37a1e000 	C:\WINDOWS\System32\CRYPT32.dll
0x00007ffb372d0000 - 0x00007ffb372f9000 	C:\WINDOWS\SYSTEM32\ncrypt.dll
0x00007ffb37290000 - 0x00007ffb372cb000 	C:\WINDOWS\SYSTEM32\NTASN1.dll
0x00007ffb2d120000 - 0x00007ffb2d127000 	C:\WINDOWS\system32\wshunix.dll

dbghelp: loaded successfully - version: 4.0.5 - missing functions: none
symbol engine: initialized successfully - sym options: 0x614 - pdb path: .;C:\Program Files\Amazon Corretto\jdk17.0.12_7\bin;C:\WINDOWS\SYSTEM32;C:\WINDOWS\WinSxS\amd64_microsoft.windows.common-controls_6595b64144ccf1df_6.0.19041.4355_none_60b8b9eb71f62e16;C:\Program Files\Amazon Corretto\jdk17.0.12_7\bin\server;C:\Program Files\JetBrains\IntelliJ IDEA Community Edition 2024.2.1\bin

VM Arguments:
jvm_args: -Duser.language=en -Duser.country=US -javaagent:C:\Program Files\JetBrains\IntelliJ IDEA Community Edition 2024.2.1\lib\idea_rt.jar=49535:C:\Program Files\JetBrains\IntelliJ IDEA Community Edition 2024.2.1\bin -Dfile.encoding=UTF-8 
java_command: org.example.Scraper
java_class_path (initial): C:\Users\anton\Desktop\  (3)\Scraper\target\classes;C:\Users\anton\.m2\repository\org\seleniumhq\selenium\selenium-java\4.20.0\selenium-java-4.20.0.jar;C:\Users\anton\.m2\repository\org\seleniumhq\selenium\selenium-api\4.20.0\selenium-api-4.20.0.jar;C:\Users\anton\.m2\repository\org\seleniumhq\selenium\selenium-chrome-driver\4.20.0\selenium-chrome-driver-4.20.0.jar;C:\Users\anton\.m2\repository\com\google\auto\service\auto-service-annotations\1.1.1\auto-service-annotations-1.1.1.jar;C:\Users\anton\.m2\repository\org\seleniumhq\selenium\selenium-chromium-driver\4.20.0\selenium-chromium-driver-4.20.0.jar;C:\Users\anton\.m2\repository\org\seleniumhq\selenium\selenium-json\4.20.0\selenium-json-4.20.0.jar;C:\Users\anton\.m2\repository\org\seleniumhq\selenium\selenium-manager\4.20.0\selenium-manager-4.20.0.jar;C:\Users\anton\.m2\repository\org\seleniumhq\selenium\selenium-devtools-v122\4.20.0\selenium-devtools-v122-4.20.0.jar;C:\Users\anton\.m2\repository\org\seleniumhq\selenium\selenium-devtools-v123\4.20.0\selenium-devtools-v123-4.20.0.jar;C:\Users\anton\.m2\repository\org\seleniumhq\selenium\selenium-devtools-v124\4.20.0\selenium-devtools-v124-4.20.0.jar;C:\Users\anton\.m2\repository\org\seleniumhq\selenium\selenium-devtools-v85\4.20.0\selenium-devtools-v85-4.20.0.jar;C:\Users\anton\.m2\repository\org\seleniumhq\selenium\selenium-edge-driver\4.20.0\selenium-edge-driver-4.20.0.jar;C:\Users\anton\.m2\repository\org\seleniumhq\selenium\selenium-firefox-driver\4.20.0\selenium-firefox-driver-4.20.0.jar;C:\Users\anton\.m2\repository\org\seleniumhq\selenium\selenium-http\4.20.0\selenium-http-4.20.0.jar;C:\Users\anton\.m2\repository\dev\failsafe\failsafe\3.3.2\failsafe-3.3.2.jar;C:\Users\anton\.m2\repository\org\seleniumhq\selenium\selenium-ie-driver\4.20.0\selenium-ie-driver-4.20.0.jar;C:\Users\anton\.m2\repository\org\seleniumhq\selenium\selenium-remote-driver\4.20.0\selenium-remote-driver-4.20.0.jar;C:\Users\anton\.m2\repository\com\g
Launcher Type: SUN_STANDARD

[Global flags]
     intx CICompilerCount                          = 4                                         {product} {ergonomic}
     uint ConcGCThreads                            = 3                                         {product} {ergonomic}
     uint G1ConcRefinementThreads                  = 10                                        {product} {ergonomic}
   size_t G1HeapRegionSize                         = 1048576                                   {product} {ergonomic}
    uintx GCDrainStackTargetSize                   = 64                                        {product} {ergonomic}
   size_t InitialHeapSize                          = 132120576                                 {product} {ergonomic}
   size_t MarkStackSize                            = 4194304                                   {product} {ergonomic}
   size_t MaxHeapSize                              = 2107637760                                {product} {ergonomic}
   size_t MaxNewSize                               = 1264582656                                {product} {ergonomic}
   size_t MinHeapDeltaBytes                        = 1048576                                   {product} {ergonomic}
   size_t MinHeapSize                              = 8388608                                   {product} {ergonomic}
    uintx NonNMethodCodeHeapSize                   = 5839372                                {pd product} {ergonomic}
    uintx NonProfiledCodeHeapSize                  = 122909434                              {pd product} {ergonomic}
    uintx ProfiledCodeHeapSize                     = 122909434                              {pd product} {ergonomic}
    uintx ReservedCodeCacheSize                    = 251658240                              {pd product} {ergonomic}
     bool SegmentedCodeCache                       = true                                      {product} {ergonomic}
   size_t SoftMaxHeapSize                          = 2107637760                             {manageable} {ergonomic}
     bool UseCompressedClassPointers               = true                           {product lp64_product} {ergonomic}
     bool UseCompressedOops                        = true                           {product lp64_product} {ergonomic}
     bool UseG1GC                                  = true                                      {product} {ergonomic}
     bool UseLargePagesIndividualAllocation        = false                                  {pd product} {ergonomic}

Logging:
Log output configuration:
 #0: stdout all=warning uptime,level,tags
 #1: stderr all=off uptime,level,tags

Environment Variables:
JAVA_HOME=C:\Program Files\Amazon Corretto\jdk17.0.12_7
PATH=C:\Program Files\Amazon Corretto\jdk17.0.12_7\bin;C:\Program Files (x86)\VMware\VMware Player\bin\;C:\Program Files\BellSoft\LibericaJDK-11-Full\bin\;C:\Windows\system32;C:\Windows;C:\Windows\System32\Wbem;C:\Windows\System32\WindowsPowerShell\v1.0\;C:\Windows\System32\OpenSSH\;C:\Program Files (x86)\NVIDIA Corporation\PhysX\Common;C:\Program Files\NVIDIA Corporation\NVIDIA NvDLISR;C:\Program Files\Intel\WiFi\bin\;C:\Program Files\Common Files\Intel\WirelessCommon\;C:\WINDOWS\system32;C:\WINDOWS;C:\WINDOWS\System32\Wbem;C:\WINDOWS\System32\WindowsPowerShell\v1.0\;C:\WINDOWS\System32\OpenSSH\;D:\bin;C:\Program Files\Common Files\Autodesk Shared\;C:\Program Files\Microsoft SQL Server\120\Tools\Binn\;C:\Program Files\IBM\SPSS\Statistics\25\JRE\bin;C:\Program Files\dotnet\;C:\Program Files\Git\cmd;C:\Program Files\nodejs\;C:\Users\anton\AppData\Local\Microsoft\WindowsApps;C:\Users\anton\AppData\Local\Programs\Microsoft VS Code\bin;C:\Users\anton\AppData\Local\GitHubDesktop\bin;C:\Users\anton\AppData\Roaming\npm;C:\Program Files\Maven\apache-maven-3.9.9\bin;C:\WebDriver;
USERNAME=
OS=Windows_NT
PROCESSOR_IDENTIFIER=Intel64 Family 6 Model 158 Stepping 10, GenuineIntel
TMP=C:\Users\anton\AppData\Local\Temp
TEMP=C:\Users\anton\AppData\Local\Temp



Periodic native trim disabled


---------------  S Y S T E M  ---------------

OS:
 Windows 10 , 64 bit Build 19041 (10.0.19041.4717)
OS uptime: 14 days 4:35 hours
Hyper-V role detected

CPU: total 12 (initial active 12) (6 cores per cpu, 2 threads per core) family 6 model 158 stepping 10 microcode 0xb4, cx8, cmov, fxsr, ht, mmx, 3dnowpref, sse, sse2, sse3, ssse3, sse4.1, sse4.2, popcnt, lzcnt, tsc, tscinvbit, avx, avx2, aes, erms, clmul, bmi1, bmi2, adx, fma, vzeroupper, clflush, clflushopt, hv
Processor Information for all 12 processors :
  Max Mhz: 2601, Current Mhz: 2600, Mhz Limit: 2574

Memory: 4k page, system-wide physical 8037M (291M free)
TotalPageFile size 18352M (AvailPageFile size 0M)
current process WorkingSet (physical memory assigned to process): 89M, peak: 105M
current process commit charge ("private bytes"): 234M, peak: 252M

vm_info: OpenJDK 64-Bit Server VM (17.0.12+7-LTS) for windows-amd64 JRE (17.0.12+7-LTS), built on Jul 10 2024 20:46:33 by "Administrator" with MS VC++ 16.10 / 16.11 (VS2019)

END.
